<?xml version="1.0" encoding="UTF-8"?>
<!-- Generated by org.testng.reporters.JUnitReportReporter -->
<testsuite hostname="DESKTOP-M5LNE6E" failures="0" tests="2" name="com.mycompany.app.HomePage" time="3.192" errors="0" timestamp="2020-01-13T09:07:33 AEDT" skipped="0">
  <testcase classname="com.mycompany.app.HomePage" name="landingPageTest" time="0.958"/>
  <testcase classname="com.mycompany.app.HomePage" name="toDoPageTest" time="2.234"/>
</testsuite> <!-- com.mycompany.app.HomePage -->
