<?xml version="1.0" encoding="UTF-8"?>
<!-- Generated by org.testng.reporters.JUnitReportReporter -->
<testsuite hostname="DESKTOP-M5LNE6E" failures="0" tests="2" name="com.mycompany.app.HomePage" time="3.526" errors="0" timestamp="2020-01-01T19:40:25 AEDT" skipped="0">
  <testcase classname="com.mycompany.app.HomePage" name="landingPageTest" time="1.435"/>
  <testcase classname="com.mycompany.app.HomePage" name="toDoPageTest" time="2.091"/>
</testsuite> <!-- com.mycompany.app.HomePage -->
