<?xml version="1.0" encoding="UTF-8"?>
<!-- Generated by org.testng.reporters.JUnitReportReporter -->
<testsuite hostname="DESKTOP-M5LNE6E" failures="0" tests="2" name="com.mycompany.app.HomePage" time="3.714" errors="0" timestamp="2019-12-30T00:16:20 AEDT" skipped="0">
  <testcase classname="com.mycompany.app.HomePage" name="landingPageTest" time="1.262"/>
  <testcase classname="com.mycompany.app.HomePage" name="toDoPageTest" time="2.452"/>
</testsuite> <!-- com.mycompany.app.HomePage -->
